1676732627667:api list
1676732630195:exit
1676737621405:api list
1676737976164:stacktrace
1676738107503:api list
1676741805700:check
1676743564073:update
1676743886073:check
1676744190246:update
1676744570019:check
1676750061287:exit
1676750310328:update
1676758360109:component single
1676758388072:stactrace
1676758391924:stacktrace
1676758415126:component single
1676758418821:help
1676758430763:component single
1676758436387:asdf
1676758443987:exit
1676758464039:component single
1676759085105:component multi
1676760152752:component confirmation
1676760264425:exit
1676760459913:component string
1676760474572:component string --mask test
1676760729176:component string
1676760774706:component single
1676763982592:component string
1676764056969:component string true
1676764069731:component string --mask true
1676796100001:check
1676797542855:config list
1676802543762:table
1676804182790:test
1676804221876:tes
1676804257547:table
1676804265602:exit
1676804286125:check
1676804401091:table
1676805645263:styles
1676806190860:table
1676806207083:styles
1676806291966:table
1676806303791:style
1676806308341:styles
1676806503008:table
1676806506753:styles
